<?xml version="1.0" encoding="UTF-8"?>
<testng-results ignored="0" total="1" passed="1" failed="0" skipped="0">
  <reporter-output>
  </reporter-output>
  <suite started-at="2024-03-22T11:50:04 IST" name="Surefire suite" finished-at="2024-03-22T11:50:04 IST" duration-ms="116">
    <groups>
    </groups>
    <test started-at="2024-03-22T11:50:04 IST" name="Surefire test" finished-at="2024-03-22T11:50:04 IST" duration-ms="116">
      <class name="programs.TestAserts">
        <test-method signature="Program()[pri:0, instance:programs.TestAserts@4fe767f3]" started-at="2024-03-22T11:50:04 IST" name="Program" finished-at="2024-03-22T11:50:04 IST" duration-ms="38" status="PASS">
          <reporter-output>
          </reporter-output>
        </test-method> <!-- Program -->
      </class> <!-- programs.TestAserts -->
    </test> <!-- Surefire test -->
  </suite> <!-- Surefire suite -->
</testng-results>
