<?xml version="1.0" encoding="UTF-8"?>
<testng-results ignored="0" total="1" passed="1" failed="0" skipped="0">
  <reporter-output>
  </reporter-output>
  <suite started-at="2024-03-13T16:52:26 IST" name="Default suite" finished-at="2024-03-13T16:52:32 IST" duration-ms="6748">
    <groups>
    </groups>
    <test started-at="2024-03-13T16:52:26 IST" name="Default test" finished-at="2024-03-13T16:52:32 IST" duration-ms="6748">
      <class name="programs.ExtentReport">
        <test-method is-config="true" signature="extentLaunch()[pri:0, instance:programs.ExtentReport@1cf6d1be]" started-at="2024-03-13T16:52:25 IST" name="extentLaunch" finished-at="2024-03-13T16:52:26 IST" duration-ms="336" status="PASS">
          <reporter-output>
          </reporter-output>
        </test-method> <!-- extentLaunch -->
        <test-method signature="f()[pri:0, instance:programs.ExtentReport@1cf6d1be]" started-at="2024-03-13T16:52:26 IST" name="f" finished-at="2024-03-13T16:52:32 IST" duration-ms="6699" status="PASS">
          <reporter-output>
          </reporter-output>
        </test-method> <!-- f -->
        <test-method is-config="true" signature="finOper()[pri:0, instance:programs.ExtentReport@1cf6d1be]" started-at="2024-03-13T16:52:32 IST" name="finOper" finished-at="2024-03-13T16:52:33 IST" duration-ms="831" status="PASS">
          <reporter-output>
          </reporter-output>
        </test-method> <!-- finOper -->
      </class> <!-- programs.ExtentReport -->
    </test> <!-- Default test -->
  </suite> <!-- Default suite -->
</testng-results>
